2022-05-09 10:19:06,421 - INFO - "GET /api/events/?date=2024-02-02 HTTP/1.1" 200 2
2022-05-09 10:19:33,549 - INFO - "GET /api/events/?date=2022-10-09 HTTP/1.1" 200 187
2022-05-09 10:20:41,888 - INFO - /Users/xco/Documents/XCO/OC/P12_Epic_Events_V2/src/event/models.py changed, reloading.
2022-05-09 10:20:43,189 - INFO - Watching for file changes with StatReloader
2022-05-09 10:24:15,662 - INFO - "GET /admin/auth/user/5/change/ HTTP/1.1" 200 19631
2022-05-09 10:24:15,746 - INFO - "GET /admin/jsi18n/ HTTP/1.1" 200 7953
2022-05-09 10:24:19,759 - INFO - "GET /admin/auth/user/ HTTP/1.1" 200 12484
2022-05-09 10:24:22,744 - INFO - "GET /admin/auth/user/5/change/ HTTP/1.1" 200 19631
2022-05-09 10:24:22,778 - INFO - "GET /admin/jsi18n/ HTTP/1.1" 200 7953
2022-05-09 10:24:34,314 - INFO - "POST /admin/auth/user/5/change/ HTTP/1.1" 302 0
2022-05-09 10:24:34,413 - INFO - "GET /admin/auth/user/ HTTP/1.1" 200 12712
2022-05-09 10:24:34,458 - INFO - "GET /admin/jsi18n/ HTTP/1.1" 200 7953
2022-05-09 10:24:37,226 - INFO - "GET /admin/auth/group/ HTTP/1.1" 200 8847
2022-05-09 10:24:37,257 - INFO - "GET /admin/jsi18n/ HTTP/1.1" 200 7953
2022-05-09 10:24:40,980 - INFO - "GET /admin/auth/group/1/change/ HTTP/1.1" 200 12081
2022-05-09 10:24:41,012 - INFO - "GET /admin/jsi18n/ HTTP/1.1" 200 7953
2022-05-09 10:24:44,365 - INFO - "GET /admin/auth/group/ HTTP/1.1" 200 8847
2022-05-09 10:24:45,955 - INFO - "GET /admin/auth/group/2/change/ HTTP/1.1" 200 12017
2022-05-09 10:24:45,985 - INFO - "GET /admin/jsi18n/ HTTP/1.1" 200 7953
2022-05-09 10:24:47,120 - INFO - "GET /admin/auth/group/ HTTP/1.1" 200 8847
2022-05-09 10:24:48,548 - INFO - "GET /admin/auth/group/3/change/ HTTP/1.1" 200 12125
2022-05-09 10:24:48,576 - INFO - "GET /admin/jsi18n/ HTTP/1.1" 200 7953
2022-05-09 10:25:03,184 - INFO - "GET /admin/auth/group/ HTTP/1.1" 200 8847
2022-05-09 10:25:07,314 - INFO - "GET /admin/auth/user/ HTTP/1.1" 200 12499
2022-05-09 10:25:07,349 - INFO - "GET /admin/jsi18n/ HTTP/1.1" 200 7953
2022-05-09 10:25:11,396 - INFO - "GET /admin/auth/user/4/change/ HTTP/1.1" 200 19674
2022-05-09 10:25:11,428 - INFO - "GET /admin/jsi18n/ HTTP/1.1" 200 7953
2022-05-09 10:25:25,295 - INFO - "GET /admin/auth/user/ HTTP/1.1" 200 12499
2022-05-09 10:33:53,432 - INFO - "POST /api/login/ HTTP/1.1" 200 483
2022-05-09 10:34:16,439 - INFO - "PATCH /api/contracts/3/ HTTP/1.1" 200 142
2022-05-09 10:34:29,027 - INFO - "DELETE /api/customers/5/ HTTP/1.1" 204 0
2022-05-09 10:34:47,921 - INFO - /Users/xco/Documents/XCO/OC/P12_Epic_Events_V2/src/event/models.py changed, reloading.
